{"D:\\РАБОТА\\dev\\if-js\\src\\scripts\\main.js": {"path":"D:\\РАБОТА\\dev\\if-js\\src\\scripts\\main.js","statementMap":{"0":{"start":{"line":3,"column":2},"end":{"line":5,"column":4}},"1":{"start":{"line":4,"column":4},"end":{"line":4,"column":17}}},"fnMap":{"0":{"name":"sum","decl":{"start":{"line":2,"column":9},"end":{"line":2,"column":12}},"loc":{"start":{"line":2,"column":16},"end":{"line":6,"column":1}},"line":2},"1":{"name":"(anonymous_1)","decl":{"start":{"line":3,"column":9},"end":{"line":3,"column":10}},"loc":{"start":{"line":3,"column":22},"end":{"line":5,"column":3}},"line":3}},"branchMap":{},"s":{"0":0,"1":0},"f":{"0":0,"1":0},"b":{},"_coverageSchema":"1a1c01bbd47fc00a2c39e90264f33305004495a9","hash":"a6a78aab8cf2d4aeb673227904c8084cff2742c5"}
}
